<?xml version="1.0" encoding="utf-8"?><testsuites name="pytest tests"><testsuite name="pytest" errors="0" failures="0" skipped="0" tests="35" time="6.033" timestamp="2026-07-01T16:36:56.849671+00:00" hostname="agent-env-690cd8bf-da50-41d9-8580-348326cd47fc"><testcase classname="tests.backend_test.TestProducts" name="test_list_seeded" time="0.423" /><testcase classname="tests.backend_test.TestOrderFlow" name="test_create_address" time="0.470" /><testcase classname="tests.backend_test.TestProducts" name="test_filter_by_category" time="0.095" /><testcase classname="tests.backend_test.TestProducts" name="test_search_query" time="0.136" /><testcase classname="tests.backend_test.TestOrderFlow" name="test_create_order_with_coupon" time="0.420" /><testcase classname="tests.backend_test.TestProducts" name="test_product_detail_and_related" time="0.231" /><testcase classname="tests.backend_test.TestProducts" name="test_admin_crud_product" time="0.737" /><testcase classname="tests.backend_test.TestOrderFlow" name="test_admin_list_and_advance" time="0.695" /><testcase classname="tests.backend_test.TestOrderFlow" name="test_notifications_created_for_customer" time="0.046" /><testcase classname="tests.backend_test.TestAuth" name="test_register_login_me_logout" time="0.521" /><testcase classname="tests.backend_test.TestOrderFlow" name="test_cancel_restores_stock" time="0.483" /><testcase classname="tests.backend_test.TestBlog" name="test_list_blog" time="0.100" /><testcase classname="tests.backend_test.TestAuth" name="test_admin_login" time="0.048" /><testcase classname="tests.backend_test.TestAuth" name="test_register_duplicate" time="0.165" /><testcase classname="tests.backend_test.TestBlog" name="test_get_single_blog" time="0.201" /><testcase classname="tests.backend_test.TestAuth" name="test_login_bad_password" time="0.316" /><testcase classname="tests.backend_test.TestBlog" name="test_admin_crud" time="0.344" /><testcase classname="tests.backend_test.TestAuthEnforcement" name="test_no_cookies_admin_route" time="0.124" /><testcase classname="tests.backend_test.TestHealth" name="test_root" time="0.089" /><testcase classname="tests.backend_test.TestHealth" name="test_health" time="0.288" /><testcase classname="tests.backend_test.TestAuthEnforcement" name="test_customer_cannot_access_admin" time="0.400" /><testcase classname="tests.backend_test.TestCoupons" name="test_validate_welcome10" time="0.111" /><testcase classname="tests.backend_test.TestAuthEnforcement" name="test_no_auth_orders" time="0.101" /><testcase classname="tests.backend_test.TestCoupons" name="test_admin_crud_coupon" time="0.189" /><testcase classname="tests.backend_test.TestSupport" name="test_customer_creates_ticket" time="0.093" /><testcase classname="tests.backend_test.TestSupport" name="test_admin_lists_and_replies" time="0.095" /><testcase classname="tests.backend_test.TestContactNewsletter" name="test_contact" time="0.102" /><testcase classname="tests.backend_test.TestCategories" name="test_list_categories" time="0.102" /><testcase classname="tests.backend_test.TestContactNewsletter" name="test_newsletter" time="0.097" /><testcase classname="tests.backend_test.TestReviews" name="test_customer_can_review" time="0.186" /><testcase classname="tests.backend_test.TestWishlist" name="test_add_get_remove" time="0.315" /><testcase classname="tests.backend_test.TestPrinters" name="test_admin_crud" time="0.175" /><testcase classname="tests.backend_test.TestInventory" name="test_admin_crud_and_low_stock" time="0.413" /><testcase classname="tests.backend_test.TestPasswordReset" name="test_forgot_and_reset" time="1.147" /><testcase classname="tests.backend_test.TestAnalytics" name="test_summary_shape" time="0.052" /></testsuite></testsuites>