<?xml version="1.0" encoding="utf-8"?><testsuites name="pytest tests"><testsuite name="pytest" errors="0" failures="0" skipped="0" tests="19" time="3.235" timestamp="2026-07-01T16:49:16.110066+00:00" hostname="agent-env-690cd8bf-da50-41d9-8580-348326cd47fc"><testcase classname="tests.test_p2_features.TestActivityLogs" name="test_logs_after_product_and_media_actions" time="1.076" /><testcase classname="tests.test_p2_features.TestMediaLibrary" name="test_upload_list_serve_delete_flow" time="1.048" /><testcase classname="tests.test_p2_features.TestMediaLibrary" name="test_upload_rejects_unsupported_type" time="0.056" /><testcase classname="tests.test_p2_features.TestActivityLogs" name="test_logs_filter_by_action" time="0.085" /><testcase classname="tests.test_p2_features.TestMediaLibrary" name="test_upload_rejects_too_large" time="0.430" /><testcase classname="tests.test_p2_features.TestActivityLogs" name="test_logs_review_moderate_and_order_status" time="0.951" /><testcase classname="tests.test_p2_features.TestMediaLibrary" name="test_media_list_customer_forbidden" time="0.411" /><testcase classname="tests.test_p2_features.TestMediaLibrary" name="test_media_upload_customer_forbidden" time="0.046" /><testcase classname="tests.test_p2_features.TestProductCSVExport" name="test_export_admin_ok" time="0.056" /><testcase classname="tests.test_p2_features.TestProductCSVExport" name="test_export_unauth" time="0.140" /><testcase classname="tests.test_p2_features.TestActivityLogs" name="test_logs_customer_forbidden" time="0.044" /><testcase classname="tests.test_p2_features.TestActivityLogs" name="test_logs_unauth" time="0.108" /><testcase classname="tests.test_p2_features.TestProductCSVExport" name="test_export_forbidden_customer" time="0.048" /><testcase classname="tests.test_p2_features.TestProductCSVImport" name="test_import_create_update_errors_and_list_split" time="0.410" /><testcase classname="tests.test_p2_features.TestRegressionSanity" name="test_products_list_ok" time="0.095" /><testcase classname="tests.test_p2_features.TestRegressionSanity" name="test_auth_me_admin" time="0.046" /><testcase classname="tests.test_p2_features.TestRegressionSanity" name="test_analytics_summary" time="0.045" /><testcase classname="tests.test_p2_features.TestProductCSVImport" name="test_import_customer_forbidden" time="0.048" /><testcase classname="tests.test_p2_features.TestProductCSVImport" name="test_import_rejects_non_csv" time="0.055" /></testsuite></testsuites>