<?xml version="1.0" encoding="utf-8"?><testsuites name="pytest tests"><testsuite name="pytest" errors="0" failures="0" skipped="0" tests="54" time="9.644" timestamp="2026-07-01T16:50:02.112505+00:00" hostname="agent-env-690cd8bf-da50-41d9-8580-348326cd47fc"><testcase classname="tests.backend_test.TestProducts" name="test_list_seeded" time="0.134" /><testcase classname="tests.backend_test.TestProducts" name="test_filter_by_category" time="0.354" /><testcase classname="tests.backend_test.TestOrderFlow" name="test_create_address" time="0.442" /><testcase classname="tests.backend_test.TestProducts" name="test_search_query" time="0.105" /><testcase classname="tests.backend_test.TestOrderFlow" name="test_create_order_with_coupon" time="0.408" /><testcase classname="tests.backend_test.TestProducts" name="test_product_detail_and_related" time="0.203" /><testcase classname="tests.backend_test.TestProducts" name="test_admin_crud_product" time="0.643" /><testcase classname="tests.backend_test.TestOrderFlow" name="test_admin_list_and_advance" time="0.686" /><testcase classname="tests.backend_test.TestOrderFlow" name="test_notifications_created_for_customer" time="0.226" /><testcase classname="tests.test_p2_features.TestMediaLibrary" name="test_upload_list_serve_delete_flow" time="0.946" /><testcase classname="tests.backend_test.TestOrderFlow" name="test_cancel_restores_stock" time="0.288" /><testcase classname="tests.test_p2_features.TestMediaLibrary" name="test_upload_rejects_unsupported_type" time="0.057" /><testcase classname="tests.test_p2_features.TestActivityLogs" name="test_logs_after_product_and_media_actions" time="1.089" /><testcase classname="tests.test_p2_features.TestMediaLibrary" name="test_upload_rejects_too_large" time="0.262" /><testcase classname="tests.test_p2_features.TestMediaLibrary" name="test_media_list_customer_forbidden" time="0.375" /><testcase classname="tests.test_p2_features.TestMediaLibrary" name="test_media_upload_customer_forbidden" time="0.047" /><testcase classname="tests.backend_test.TestAuth" name="test_register_login_me_logout" time="0.762" /><testcase classname="tests.test_p2_features.TestActivityLogs" name="test_logs_filter_by_action" time="0.049" /><testcase classname="tests.test_p2_features.TestActivityLogs" name="test_logs_review_moderate_and_order_status" time="0.826" /><testcase classname="tests.backend_test.TestAuth" name="test_admin_login" time="0.092" /><testcase classname="tests.backend_test.TestAuth" name="test_register_duplicate" time="0.149" /><testcase classname="tests.test_p2_features.TestActivityLogs" name="test_logs_customer_forbidden" time="0.046" /><testcase classname="tests.test_p2_features.TestActivityLogs" name="test_logs_unauth" time="0.093" /><testcase classname="tests.backend_test.TestAuth" name="test_login_bad_password" time="0.319" /><testcase classname="tests.backend_test.TestAuthEnforcement" name="test_no_cookies_admin_route" time="0.298" /><testcase classname="tests.backend_test.TestBlog" name="test_list_blog" time="0.095" /><testcase classname="tests.backend_test.TestAuthEnforcement" name="test_customer_cannot_access_admin" time="0.056" /><testcase classname="tests.backend_test.TestAuthEnforcement" name="test_no_auth_orders" time="0.101" /><testcase classname="tests.backend_test.TestBlog" name="test_get_single_blog" time="0.388" /><testcase classname="tests.test_p2_features.TestProductCSVExport" name="test_export_admin_ok" time="0.374" /><testcase classname="tests.backend_test.TestBlog" name="test_admin_crud" time="0.142" /><testcase classname="tests.test_p2_features.TestProductCSVExport" name="test_export_unauth" time="0.151" /><testcase classname="tests.test_p2_features.TestProductCSVImport" name="test_import_create_update_errors_and_list_split" time="0.894" /><testcase classname="tests.test_p2_features.TestProductCSVExport" name="test_export_forbidden_customer" time="0.619" /><testcase classname="tests.test_p2_features.TestRegressionSanity" name="test_products_list_ok" time="0.112" /><testcase classname="tests.test_p2_features.TestRegressionSanity" name="test_auth_me_admin" time="0.054" /><testcase classname="tests.test_p2_features.TestRegressionSanity" name="test_analytics_summary" time="0.053" /><testcase classname="tests.backend_test.TestHealth" name="test_root" time="0.328" /><testcase classname="tests.backend_test.TestHealth" name="test_health" time="0.103" /><testcase classname="tests.test_p2_features.TestProductCSVImport" name="test_import_customer_forbidden" time="0.417" /><testcase classname="tests.test_p2_features.TestProductCSVImport" name="test_import_rejects_non_csv" time="0.086" /><testcase classname="tests.backend_test.TestSupport" name="test_customer_creates_ticket" time="0.053" /><testcase classname="tests.backend_test.TestSupport" name="test_admin_lists_and_replies" time="0.115" /><testcase classname="tests.backend_test.TestCoupons" name="test_validate_welcome10" time="0.118" /><testcase classname="tests.backend_test.TestContactNewsletter" name="test_contact" time="0.096" /><testcase classname="tests.backend_test.TestCoupons" name="test_admin_crud_coupon" time="0.200" /><testcase classname="tests.backend_test.TestContactNewsletter" name="test_newsletter" time="0.147" /><testcase classname="tests.backend_test.TestCategories" name="test_list_categories" time="0.106" /><testcase classname="tests.backend_test.TestWishlist" name="test_add_get_remove" time="0.154" /><testcase classname="tests.backend_test.TestInventory" name="test_admin_crud_and_low_stock" time="0.438" /><testcase classname="tests.backend_test.TestReviews" name="test_customer_can_review" time="0.575" /><testcase classname="tests.backend_test.TestAnalytics" name="test_summary_shape" time="0.056" /><testcase classname="tests.backend_test.TestPrinters" name="test_admin_crud" time="0.145" /><testcase classname="tests.backend_test.TestPasswordReset" name="test_forgot_and_reset" time="1.175" /></testsuite></testsuites>